2023-05-16 09:29:28.864 WARN  [HikariPool-1 housekeeper] [com.zaxxer.hikari.pool.HikariPool] - HikariPool-1 - Thread starvation or clock leap detected (housekeeper delta=13h55m49s6ms837µs300ns).
2023-05-16 09:37:03.038 INFO  [SpringApplicationShutdownHook] [o.s.o.j.LocalContainerEntityManagerFactoryBean] - Closing JPA EntityManagerFactory for persistence unit 'default'
2023-05-16 09:37:03.041 INFO  [SpringApplicationShutdownHook] [com.zaxxer.hikari.HikariDataSource] - HikariPool-1 - Shutdown initiated...
2023-05-16 09:37:03.057 INFO  [SpringApplicationShutdownHook] [com.zaxxer.hikari.HikariDataSource] - HikariPool-1 - Shutdown completed.
2023-05-16 09:37:59.727 INFO  [main] [c.e.mini_project.MiniProjectApplication] - Starting MiniProjectApplication using Java 17.0.6 on LAPTOP-MOTF9EGN with PID 3736 (D:\mini_project\mini_project\build\classes\java\main started by USER in D:\mini_project\mini_project)
2023-05-16 09:37:59.734 INFO  [main] [c.e.mini_project.MiniProjectApplication] - The following 1 profile is active: "oauth"
2023-05-16 09:38:01.057 INFO  [main] [o.s.d.r.c.RepositoryConfigurationDelegate] - Bootstrapping Spring Data JPA repositories in DEFAULT mode.
2023-05-16 09:38:01.151 INFO  [main] [o.s.d.r.c.RepositoryConfigurationDelegate] - Finished Spring Data repository scanning in 83 ms. Found 1 JPA repository interfaces.
2023-05-16 09:38:01.831 INFO  [main] [o.s.b.w.embedded.tomcat.TomcatWebServer] - Tomcat initialized with port(s): 8080 (http)
2023-05-16 09:38:01.840 INFO  [main] [o.apache.coyote.http11.Http11NioProtocol] - Initializing ProtocolHandler ["http-nio-8080"]
2023-05-16 09:38:01.840 INFO  [main] [org.apache.catalina.core.StandardService] - Starting service [Tomcat]
2023-05-16 09:38:01.840 INFO  [main] [org.apache.catalina.core.StandardEngine] - Starting Servlet engine: [Apache Tomcat/9.0.74]
2023-05-16 09:38:02.195 INFO  [main] [org.apache.jasper.servlet.TldScanner] - At least one JAR was scanned for TLDs yet contained no TLDs. Enable debug logging for this logger for a complete list of JARs that were scanned but no TLDs were found in them. Skipping unneeded JARs during scanning can improve startup time and JSP compilation time.
2023-05-16 09:38:02.210 INFO  [main] [o.a.c.c.C.[Tomcat].[localhost].[/]] - Initializing Spring embedded WebApplicationContext
2023-05-16 09:38:02.211 INFO  [main] [o.s.b.w.s.c.ServletWebServerApplicationContext] - Root WebApplicationContext: initialization completed in 2105 ms
2023-05-16 09:38:02.465 INFO  [main] [o.hibernate.jpa.internal.util.LogHelper] - HHH000204: Processing PersistenceUnitInfo [name: default]
2023-05-16 09:38:02.533 INFO  [main] [org.hibernate.Version] - HHH000412: Hibernate ORM core version 5.6.15.Final
2023-05-16 09:38:02.785 INFO  [main] [org.hibernate.annotations.common.Version] - HCANN000001: Hibernate Commons Annotations {5.1.2.Final}
2023-05-16 09:38:02.911 INFO  [main] [com.zaxxer.hikari.HikariDataSource] - HikariPool-1 - Starting...
2023-05-16 09:38:03.455 INFO  [main] [com.zaxxer.hikari.HikariDataSource] - HikariPool-1 - Start completed.
2023-05-16 09:38:03.479 INFO  [main] [org.hibernate.dialect.Dialect] - HHH000400: Using dialect: org.hibernate.dialect.Oracle12cDialect
2023-05-16 09:38:05.111 INFO  [main] [o.h.e.t.j.p.i.JtaPlatformInitiator] - HHH000490: Using JtaPlatform implementation: [org.hibernate.engine.transaction.jta.platform.internal.NoJtaPlatform]
2023-05-16 09:38:05.121 INFO  [main] [o.s.o.j.LocalContainerEntityManagerFactoryBean] - Initialized JPA EntityManagerFactory for persistence unit 'default'
2023-05-16 09:38:05.889 INFO  [main] [o.s.s.web.DefaultSecurityFilterChain] - Will secure any request with [org.springframework.security.web.session.DisableEncodeUrlFilter@6821d4e1, org.springframework.security.web.context.request.async.WebAsyncManagerIntegrationFilter@3ac76ad9, org.springframework.security.web.context.SecurityContextPersistenceFilter@7692c0e9, org.springframework.security.web.header.HeaderWriterFilter@773cc551, org.springframework.security.web.authentication.logout.LogoutFilter@7aad7df5, org.springframework.security.oauth2.client.web.OAuth2AuthorizationRequestRedirectFilter@195d4780, org.springframework.security.oauth2.client.web.OAuth2LoginAuthenticationFilter@18c95fbb, org.springframework.security.web.authentication.UsernamePasswordAuthenticationFilter@7f33ad20, org.springframework.security.web.savedrequest.RequestCacheAwareFilter@75bbe39d, org.springframework.security.web.servletapi.SecurityContextHolderAwareRequestFilter@6805415d, org.springframework.security.web.authentication.AnonymousAuthenticationFilter@213c812a, org.springframework.security.web.session.SessionManagementFilter@4f0f56f5, org.springframework.security.web.access.ExceptionTranslationFilter@23c61c1b, org.springframework.security.web.access.intercept.FilterSecurityInterceptor@659565ed]
2023-05-16 09:38:05.933 WARN  [main] [o.s.b.a.o.j.JpaBaseConfiguration$JpaWebConfiguration] - spring.jpa.open-in-view is enabled by default. Therefore, database queries may be performed during view rendering. Explicitly configure spring.jpa.open-in-view to disable this warning
2023-05-16 09:38:06.259 INFO  [main] [o.apache.coyote.http11.Http11NioProtocol] - Starting ProtocolHandler ["http-nio-8080"]
2023-05-16 09:38:06.293 INFO  [main] [o.s.b.w.embedded.tomcat.TomcatWebServer] - Tomcat started on port(s): 8080 (http) with context path ''
2023-05-16 09:38:06.306 INFO  [main] [c.e.mini_project.MiniProjectApplication] - Started MiniProjectApplication in 7.218 seconds (JVM running for 11.261)
2023-05-16 09:38:17.789 INFO  [http-nio-8080-exec-1] [o.a.c.c.C.[Tomcat].[localhost].[/]] - Initializing Spring DispatcherServlet 'dispatcherServlet'
2023-05-16 09:38:17.789 INFO  [http-nio-8080-exec-1] [o.s.web.servlet.DispatcherServlet] - Initializing Servlet 'dispatcherServlet'
2023-05-16 09:38:17.791 INFO  [http-nio-8080-exec-1] [o.s.web.servlet.DispatcherServlet] - Completed initialization in 2 ms
2023-05-16 09:39:32.547 INFO  [SpringApplicationShutdownHook] [o.s.o.j.LocalContainerEntityManagerFactoryBean] - Closing JPA EntityManagerFactory for persistence unit 'default'
2023-05-16 09:39:32.549 INFO  [SpringApplicationShutdownHook] [com.zaxxer.hikari.HikariDataSource] - HikariPool-1 - Shutdown initiated...
2023-05-16 09:39:32.565 INFO  [SpringApplicationShutdownHook] [com.zaxxer.hikari.HikariDataSource] - HikariPool-1 - Shutdown completed.
2023-05-16 09:39:43.942 INFO  [main] [c.e.mini_project.MiniProjectApplication] - Starting MiniProjectApplication using Java 17.0.6 on LAPTOP-MOTF9EGN with PID 9428 (D:\mini_project\mini_project\build\classes\java\main started by USER in D:\mini_project\mini_project)
2023-05-16 09:39:43.947 INFO  [main] [c.e.mini_project.MiniProjectApplication] - The following 1 profile is active: "oauth"
2023-05-16 09:39:45.111 INFO  [main] [o.s.d.r.c.RepositoryConfigurationDelegate] - Bootstrapping Spring Data JPA repositories in DEFAULT mode.
2023-05-16 09:39:45.188 INFO  [main] [o.s.d.r.c.RepositoryConfigurationDelegate] - Finished Spring Data repository scanning in 67 ms. Found 1 JPA repository interfaces.
2023-05-16 09:39:45.827 INFO  [main] [o.s.b.w.embedded.tomcat.TomcatWebServer] - Tomcat initialized with port(s): 8080 (http)
2023-05-16 09:39:45.837 INFO  [main] [o.apache.coyote.http11.Http11NioProtocol] - Initializing ProtocolHandler ["http-nio-8080"]
2023-05-16 09:39:45.837 INFO  [main] [org.apache.catalina.core.StandardService] - Starting service [Tomcat]
2023-05-16 09:39:45.837 INFO  [main] [org.apache.catalina.core.StandardEngine] - Starting Servlet engine: [Apache Tomcat/9.0.74]
2023-05-16 09:39:46.210 INFO  [main] [org.apache.jasper.servlet.TldScanner] - At least one JAR was scanned for TLDs yet contained no TLDs. Enable debug logging for this logger for a complete list of JARs that were scanned but no TLDs were found in them. Skipping unneeded JARs during scanning can improve startup time and JSP compilation time.
2023-05-16 09:39:46.222 INFO  [main] [o.a.c.c.C.[Tomcat].[localhost].[/]] - Initializing Spring embedded WebApplicationContext
2023-05-16 09:39:46.223 INFO  [main] [o.s.b.w.s.c.ServletWebServerApplicationContext] - Root WebApplicationContext: initialization completed in 1829 ms
2023-05-16 09:39:46.466 INFO  [main] [o.hibernate.jpa.internal.util.LogHelper] - HHH000204: Processing PersistenceUnitInfo [name: default]
2023-05-16 09:39:46.529 INFO  [main] [org.hibernate.Version] - HHH000412: Hibernate ORM core version 5.6.15.Final
2023-05-16 09:39:46.726 INFO  [main] [org.hibernate.annotations.common.Version] - HCANN000001: Hibernate Commons Annotations {5.1.2.Final}
2023-05-16 09:39:46.834 INFO  [main] [com.zaxxer.hikari.HikariDataSource] - HikariPool-1 - Starting...
2023-05-16 09:39:47.122 INFO  [main] [com.zaxxer.hikari.HikariDataSource] - HikariPool-1 - Start completed.
2023-05-16 09:39:47.142 INFO  [main] [org.hibernate.dialect.Dialect] - HHH000400: Using dialect: org.hibernate.dialect.Oracle12cDialect
2023-05-16 09:39:48.404 INFO  [main] [o.h.e.t.j.p.i.JtaPlatformInitiator] - HHH000490: Using JtaPlatform implementation: [org.hibernate.engine.transaction.jta.platform.internal.NoJtaPlatform]
2023-05-16 09:39:48.420 INFO  [main] [o.s.o.j.LocalContainerEntityManagerFactoryBean] - Initialized JPA EntityManagerFactory for persistence unit 'default'
2023-05-16 09:39:49.217 INFO  [main] [o.s.s.web.DefaultSecurityFilterChain] - Will secure any request with [org.springframework.security.web.session.DisableEncodeUrlFilter@38affd02, org.springframework.security.web.context.request.async.WebAsyncManagerIntegrationFilter@72e9f0f7, org.springframework.security.web.context.SecurityContextPersistenceFilter@69c335c4, org.springframework.security.web.header.HeaderWriterFilter@fe38d1e, org.springframework.security.web.authentication.logout.LogoutFilter@27260f9c, org.springframework.security.oauth2.client.web.OAuth2AuthorizationRequestRedirectFilter@2040732f, org.springframework.security.oauth2.client.web.OAuth2LoginAuthenticationFilter@373fb666, org.springframework.security.web.authentication.UsernamePasswordAuthenticationFilter@7a085d02, org.springframework.security.web.savedrequest.RequestCacheAwareFilter@7236213e, org.springframework.security.web.servletapi.SecurityContextHolderAwareRequestFilter@3b3dc752, org.springframework.security.web.authentication.AnonymousAuthenticationFilter@2fb24ad8, org.springframework.security.web.session.SessionManagementFilter@157267db, org.springframework.security.web.access.ExceptionTranslationFilter@4cb87009, org.springframework.security.web.access.intercept.FilterSecurityInterceptor@1db9d253]
2023-05-16 09:39:49.264 WARN  [main] [o.s.b.a.o.j.JpaBaseConfiguration$JpaWebConfiguration] - spring.jpa.open-in-view is enabled by default. Therefore, database queries may be performed during view rendering. Explicitly configure spring.jpa.open-in-view to disable this warning
2023-05-16 09:39:49.619 INFO  [main] [o.apache.coyote.http11.Http11NioProtocol] - Starting ProtocolHandler ["http-nio-8080"]
2023-05-16 09:39:49.646 INFO  [main] [o.s.b.w.embedded.tomcat.TomcatWebServer] - Tomcat started on port(s): 8080 (http) with context path ''
2023-05-16 09:39:49.660 INFO  [main] [c.e.mini_project.MiniProjectApplication] - Started MiniProjectApplication in 6.752 seconds (JVM running for 9.547)
2023-05-16 09:39:49.749 INFO  [http-nio-8080-exec-1] [o.a.c.c.C.[Tomcat].[localhost].[/]] - Initializing Spring DispatcherServlet 'dispatcherServlet'
2023-05-16 09:39:49.750 INFO  [http-nio-8080-exec-1] [o.s.web.servlet.DispatcherServlet] - Initializing Servlet 'dispatcherServlet'
2023-05-16 09:39:49.751 INFO  [http-nio-8080-exec-1] [o.s.web.servlet.DispatcherServlet] - Completed initialization in 1 ms
2023-05-16 09:44:11.024 INFO  [SpringApplicationShutdownHook] [o.s.o.j.LocalContainerEntityManagerFactoryBean] - Closing JPA EntityManagerFactory for persistence unit 'default'
2023-05-16 09:44:11.027 INFO  [SpringApplicationShutdownHook] [com.zaxxer.hikari.HikariDataSource] - HikariPool-1 - Shutdown initiated...
2023-05-16 09:44:11.044 INFO  [SpringApplicationShutdownHook] [com.zaxxer.hikari.HikariDataSource] - HikariPool-1 - Shutdown completed.
2023-05-16 09:44:19.180 INFO  [main] [c.e.mini_project.MiniProjectApplication] - Starting MiniProjectApplication using Java 17.0.6 on LAPTOP-MOTF9EGN with PID 22152 (D:\mini_project\mini_project\build\classes\java\main started by USER in D:\mini_project\mini_project)
2023-05-16 09:44:19.186 INFO  [main] [c.e.mini_project.MiniProjectApplication] - The following 1 profile is active: "oauth"
2023-05-16 09:44:20.209 INFO  [main] [o.s.d.r.c.RepositoryConfigurationDelegate] - Bootstrapping Spring Data JPA repositories in DEFAULT mode.
2023-05-16 09:44:20.279 INFO  [main] [o.s.d.r.c.RepositoryConfigurationDelegate] - Finished Spring Data repository scanning in 60 ms. Found 1 JPA repository interfaces.
2023-05-16 09:44:20.929 INFO  [main] [o.s.b.w.embedded.tomcat.TomcatWebServer] - Tomcat initialized with port(s): 8080 (http)
2023-05-16 09:44:20.939 INFO  [main] [o.apache.coyote.http11.Http11NioProtocol] - Initializing ProtocolHandler ["http-nio-8080"]
2023-05-16 09:44:20.939 INFO  [main] [org.apache.catalina.core.StandardService] - Starting service [Tomcat]
2023-05-16 09:44:20.939 INFO  [main] [org.apache.catalina.core.StandardEngine] - Starting Servlet engine: [Apache Tomcat/9.0.74]
2023-05-16 09:44:21.315 INFO  [main] [org.apache.jasper.servlet.TldScanner] - At least one JAR was scanned for TLDs yet contained no TLDs. Enable debug logging for this logger for a complete list of JARs that were scanned but no TLDs were found in them. Skipping unneeded JARs during scanning can improve startup time and JSP compilation time.
2023-05-16 09:44:21.328 INFO  [main] [o.a.c.c.C.[Tomcat].[localhost].[/]] - Initializing Spring embedded WebApplicationContext
2023-05-16 09:44:21.328 INFO  [main] [o.s.b.w.s.c.ServletWebServerApplicationContext] - Root WebApplicationContext: initialization completed in 1837 ms
2023-05-16 09:44:21.559 INFO  [main] [o.hibernate.jpa.internal.util.LogHelper] - HHH000204: Processing PersistenceUnitInfo [name: default]
2023-05-16 09:44:21.618 INFO  [main] [org.hibernate.Version] - HHH000412: Hibernate ORM core version 5.6.15.Final
2023-05-16 09:44:21.813 INFO  [main] [org.hibernate.annotations.common.Version] - HCANN000001: Hibernate Commons Annotations {5.1.2.Final}
2023-05-16 09:44:21.916 INFO  [main] [com.zaxxer.hikari.HikariDataSource] - HikariPool-1 - Starting...
2023-05-16 09:44:22.203 INFO  [main] [com.zaxxer.hikari.HikariDataSource] - HikariPool-1 - Start completed.
2023-05-16 09:44:22.219 INFO  [main] [org.hibernate.dialect.Dialect] - HHH000400: Using dialect: org.hibernate.dialect.Oracle12cDialect
2023-05-16 09:44:23.687 INFO  [main] [o.h.e.t.j.p.i.JtaPlatformInitiator] - HHH000490: Using JtaPlatform implementation: [org.hibernate.engine.transaction.jta.platform.internal.NoJtaPlatform]
2023-05-16 09:44:23.710 INFO  [main] [o.s.o.j.LocalContainerEntityManagerFactoryBean] - Initialized JPA EntityManagerFactory for persistence unit 'default'
2023-05-16 09:44:24.778 INFO  [main] [o.s.s.web.DefaultSecurityFilterChain] - Will secure any request with [org.springframework.security.web.session.DisableEncodeUrlFilter@e0c03bd, org.springframework.security.web.context.request.async.WebAsyncManagerIntegrationFilter@61e4a072, org.springframework.security.web.context.SecurityContextPersistenceFilter@86e8469, org.springframework.security.web.header.HeaderWriterFilter@19439ec4, org.springframework.security.web.authentication.logout.LogoutFilter@1d82d35c, org.springframework.security.oauth2.client.web.OAuth2AuthorizationRequestRedirectFilter@3fe59f84, org.springframework.security.oauth2.client.web.OAuth2LoginAuthenticationFilter@38eafdab, org.springframework.security.web.authentication.UsernamePasswordAuthenticationFilter@52f71d2, org.springframework.security.web.savedrequest.RequestCacheAwareFilter@e38d655, org.springframework.security.web.servletapi.SecurityContextHolderAwareRequestFilter@7325b786, org.springframework.security.web.authentication.AnonymousAuthenticationFilter@32f2de5c, org.springframework.security.web.session.SessionManagementFilter@21ebf9be, org.springframework.security.web.access.ExceptionTranslationFilter@1c0a4f87, org.springframework.security.web.access.intercept.FilterSecurityInterceptor@6a1b4854]
2023-05-16 09:44:24.829 WARN  [main] [o.s.b.a.o.j.JpaBaseConfiguration$JpaWebConfiguration] - spring.jpa.open-in-view is enabled by default. Therefore, database queries may be performed during view rendering. Explicitly configure spring.jpa.open-in-view to disable this warning
2023-05-16 09:44:25.219 INFO  [main] [o.apache.coyote.http11.Http11NioProtocol] - Starting ProtocolHandler ["http-nio-8080"]
2023-05-16 09:44:25.255 INFO  [main] [o.s.b.w.embedded.tomcat.TomcatWebServer] - Tomcat started on port(s): 8080 (http) with context path ''
2023-05-16 09:44:25.268 INFO  [main] [c.e.mini_project.MiniProjectApplication] - Started MiniProjectApplication in 7.347 seconds (JVM running for 8.662)
2023-05-16 09:44:28.814 INFO  [http-nio-8080-exec-1] [o.a.c.c.C.[Tomcat].[localhost].[/]] - Initializing Spring DispatcherServlet 'dispatcherServlet'
2023-05-16 09:44:28.816 INFO  [http-nio-8080-exec-1] [o.s.web.servlet.DispatcherServlet] - Initializing Servlet 'dispatcherServlet'
2023-05-16 09:44:28.818 INFO  [http-nio-8080-exec-1] [o.s.web.servlet.DispatcherServlet] - Completed initialization in 2 ms
2023-05-16 09:46:19.315 INFO  [SpringApplicationShutdownHook] [o.s.o.j.LocalContainerEntityManagerFactoryBean] - Closing JPA EntityManagerFactory for persistence unit 'default'
2023-05-16 09:46:19.317 INFO  [SpringApplicationShutdownHook] [com.zaxxer.hikari.HikariDataSource] - HikariPool-1 - Shutdown initiated...
2023-05-16 09:46:19.330 INFO  [SpringApplicationShutdownHook] [com.zaxxer.hikari.HikariDataSource] - HikariPool-1 - Shutdown completed.
2023-05-16 09:46:26.056 INFO  [main] [c.e.mini_project.MiniProjectApplication] - Starting MiniProjectApplication using Java 17.0.6 on LAPTOP-MOTF9EGN with PID 22812 (D:\mini_project\mini_project\build\classes\java\main started by USER in D:\mini_project\mini_project)
2023-05-16 09:46:26.062 INFO  [main] [c.e.mini_project.MiniProjectApplication] - The following 1 profile is active: "oauth"
2023-05-16 09:46:27.174 INFO  [main] [o.s.d.r.c.RepositoryConfigurationDelegate] - Bootstrapping Spring Data JPA repositories in DEFAULT mode.
2023-05-16 09:46:27.249 INFO  [main] [o.s.d.r.c.RepositoryConfigurationDelegate] - Finished Spring Data repository scanning in 65 ms. Found 1 JPA repository interfaces.
2023-05-16 09:46:27.877 INFO  [main] [o.s.b.w.embedded.tomcat.TomcatWebServer] - Tomcat initialized with port(s): 8080 (http)
2023-05-16 09:46:27.889 INFO  [main] [o.apache.coyote.http11.Http11NioProtocol] - Initializing ProtocolHandler ["http-nio-8080"]
2023-05-16 09:46:27.890 INFO  [main] [org.apache.catalina.core.StandardService] - Starting service [Tomcat]
2023-05-16 09:46:27.890 INFO  [main] [org.apache.catalina.core.StandardEngine] - Starting Servlet engine: [Apache Tomcat/9.0.74]
2023-05-16 09:46:28.228 INFO  [main] [org.apache.jasper.servlet.TldScanner] - At least one JAR was scanned for TLDs yet contained no TLDs. Enable debug logging for this logger for a complete list of JARs that were scanned but no TLDs were found in them. Skipping unneeded JARs during scanning can improve startup time and JSP compilation time.
2023-05-16 09:46:28.240 INFO  [main] [o.a.c.c.C.[Tomcat].[localhost].[/]] - Initializing Spring embedded WebApplicationContext
2023-05-16 09:46:28.240 INFO  [main] [o.s.b.w.s.c.ServletWebServerApplicationContext] - Root WebApplicationContext: initialization completed in 1840 ms
2023-05-16 09:46:28.472 INFO  [main] [o.hibernate.jpa.internal.util.LogHelper] - HHH000204: Processing PersistenceUnitInfo [name: default]
2023-05-16 09:46:28.528 INFO  [main] [org.hibernate.Version] - HHH000412: Hibernate ORM core version 5.6.15.Final
2023-05-16 09:46:28.706 INFO  [main] [org.hibernate.annotations.common.Version] - HCANN000001: Hibernate Commons Annotations {5.1.2.Final}
2023-05-16 09:46:28.808 INFO  [main] [com.zaxxer.hikari.HikariDataSource] - HikariPool-1 - Starting...
2023-05-16 09:46:29.093 INFO  [main] [com.zaxxer.hikari.HikariDataSource] - HikariPool-1 - Start completed.
2023-05-16 09:46:29.109 INFO  [main] [org.hibernate.dialect.Dialect] - HHH000400: Using dialect: org.hibernate.dialect.Oracle12cDialect
2023-05-16 09:46:30.287 INFO  [main] [o.h.e.t.j.p.i.JtaPlatformInitiator] - HHH000490: Using JtaPlatform implementation: [org.hibernate.engine.transaction.jta.platform.internal.NoJtaPlatform]
2023-05-16 09:46:30.300 INFO  [main] [o.s.o.j.LocalContainerEntityManagerFactoryBean] - Initialized JPA EntityManagerFactory for persistence unit 'default'
2023-05-16 09:46:31.024 INFO  [main] [o.s.s.web.DefaultSecurityFilterChain] - Will secure any request with [org.springframework.security.web.session.DisableEncodeUrlFilter@18356d9e, org.springframework.security.web.context.request.async.WebAsyncManagerIntegrationFilter@5e97da56, org.springframework.security.web.context.SecurityContextPersistenceFilter@7fd3c38b, org.springframework.security.web.header.HeaderWriterFilter@40c92dfa, org.springframework.security.web.authentication.logout.LogoutFilter@76b6bad3, org.springframework.security.oauth2.client.web.OAuth2AuthorizationRequestRedirectFilter@5ab70df7, org.springframework.security.oauth2.client.web.OAuth2LoginAuthenticationFilter@6764201e, org.springframework.security.web.authentication.UsernamePasswordAuthenticationFilter@4e23ddf0, org.springframework.security.web.savedrequest.RequestCacheAwareFilter@25031fd4, org.springframework.security.web.servletapi.SecurityContextHolderAwareRequestFilter@54faa040, org.springframework.security.web.authentication.AnonymousAuthenticationFilter@6e8f3b76, org.springframework.security.web.session.SessionManagementFilter@379df603, org.springframework.security.web.access.ExceptionTranslationFilter@6768dc74, org.springframework.security.web.access.intercept.FilterSecurityInterceptor@7cb4d4ee]
2023-05-16 09:46:31.082 WARN  [main] [o.s.b.a.o.j.JpaBaseConfiguration$JpaWebConfiguration] - spring.jpa.open-in-view is enabled by default. Therefore, database queries may be performed during view rendering. Explicitly configure spring.jpa.open-in-view to disable this warning
2023-05-16 09:46:31.402 INFO  [main] [o.apache.coyote.http11.Http11NioProtocol] - Starting ProtocolHandler ["http-nio-8080"]
2023-05-16 09:46:31.432 INFO  [main] [o.s.b.w.embedded.tomcat.TomcatWebServer] - Tomcat started on port(s): 8080 (http) with context path ''
2023-05-16 09:46:31.448 INFO  [main] [c.e.mini_project.MiniProjectApplication] - Started MiniProjectApplication in 6.154 seconds (JVM running for 7.517)
2023-05-16 09:46:35.544 INFO  [http-nio-8080-exec-1] [o.a.c.c.C.[Tomcat].[localhost].[/]] - Initializing Spring DispatcherServlet 'dispatcherServlet'
2023-05-16 09:46:35.544 INFO  [http-nio-8080-exec-1] [o.s.web.servlet.DispatcherServlet] - Initializing Servlet 'dispatcherServlet'
2023-05-16 09:46:35.545 INFO  [http-nio-8080-exec-1] [o.s.web.servlet.DispatcherServlet] - Completed initialization in 1 ms
2023-05-16 09:48:15.905 INFO  [SpringApplicationShutdownHook] [o.s.o.j.LocalContainerEntityManagerFactoryBean] - Closing JPA EntityManagerFactory for persistence unit 'default'
2023-05-16 09:48:15.907 INFO  [SpringApplicationShutdownHook] [com.zaxxer.hikari.HikariDataSource] - HikariPool-1 - Shutdown initiated...
2023-05-16 09:48:15.923 INFO  [SpringApplicationShutdownHook] [com.zaxxer.hikari.HikariDataSource] - HikariPool-1 - Shutdown completed.
2023-05-16 09:48:22.068 INFO  [main] [c.e.mini_project.MiniProjectApplication] - Starting MiniProjectApplication using Java 17.0.6 on LAPTOP-MOTF9EGN with PID 3684 (D:\mini_project\mini_project\build\classes\java\main started by USER in D:\mini_project\mini_project)
2023-05-16 09:48:22.074 INFO  [main] [c.e.mini_project.MiniProjectApplication] - The following 1 profile is active: "oauth"
2023-05-16 09:48:23.157 INFO  [main] [o.s.d.r.c.RepositoryConfigurationDelegate] - Bootstrapping Spring Data JPA repositories in DEFAULT mode.
2023-05-16 09:48:23.242 INFO  [main] [o.s.d.r.c.RepositoryConfigurationDelegate] - Finished Spring Data repository scanning in 76 ms. Found 1 JPA repository interfaces.
2023-05-16 09:48:23.839 INFO  [main] [o.s.b.w.embedded.tomcat.TomcatWebServer] - Tomcat initialized with port(s): 8080 (http)
2023-05-16 09:48:23.849 INFO  [main] [o.apache.coyote.http11.Http11NioProtocol] - Initializing ProtocolHandler ["http-nio-8080"]
2023-05-16 09:48:23.849 INFO  [main] [org.apache.catalina.core.StandardService] - Starting service [Tomcat]
2023-05-16 09:48:23.849 INFO  [main] [org.apache.catalina.core.StandardEngine] - Starting Servlet engine: [Apache Tomcat/9.0.74]
2023-05-16 09:48:24.189 INFO  [main] [org.apache.jasper.servlet.TldScanner] - At least one JAR was scanned for TLDs yet contained no TLDs. Enable debug logging for this logger for a complete list of JARs that were scanned but no TLDs were found in them. Skipping unneeded JARs during scanning can improve startup time and JSP compilation time.
2023-05-16 09:48:24.200 INFO  [main] [o.a.c.c.C.[Tomcat].[localhost].[/]] - Initializing Spring embedded WebApplicationContext
2023-05-16 09:48:24.200 INFO  [main] [o.s.b.w.s.c.ServletWebServerApplicationContext] - Root WebApplicationContext: initialization completed in 1769 ms
2023-05-16 09:48:24.429 INFO  [main] [o.hibernate.jpa.internal.util.LogHelper] - HHH000204: Processing PersistenceUnitInfo [name: default]
2023-05-16 09:48:24.477 INFO  [main] [org.hibernate.Version] - HHH000412: Hibernate ORM core version 5.6.15.Final
2023-05-16 09:48:24.665 INFO  [main] [org.hibernate.annotations.common.Version] - HCANN000001: Hibernate Commons Annotations {5.1.2.Final}
2023-05-16 09:48:24.768 INFO  [main] [com.zaxxer.hikari.HikariDataSource] - HikariPool-1 - Starting...
2023-05-16 09:48:25.059 INFO  [main] [com.zaxxer.hikari.HikariDataSource] - HikariPool-1 - Start completed.
2023-05-16 09:48:25.077 INFO  [main] [org.hibernate.dialect.Dialect] - HHH000400: Using dialect: org.hibernate.dialect.Oracle12cDialect
2023-05-16 09:48:26.234 INFO  [main] [o.h.e.t.j.p.i.JtaPlatformInitiator] - HHH000490: Using JtaPlatform implementation: [org.hibernate.engine.transaction.jta.platform.internal.NoJtaPlatform]
2023-05-16 09:48:26.244 INFO  [main] [o.s.o.j.LocalContainerEntityManagerFactoryBean] - Initialized JPA EntityManagerFactory for persistence unit 'default'
2023-05-16 09:48:27.042 INFO  [main] [o.s.s.web.DefaultSecurityFilterChain] - Will secure any request with [org.springframework.security.web.session.DisableEncodeUrlFilter@373c8f35, org.springframework.security.web.context.request.async.WebAsyncManagerIntegrationFilter@1d86b636, org.springframework.security.web.context.SecurityContextPersistenceFilter@7d50b4c4, org.springframework.security.web.header.HeaderWriterFilter@1c0a4f87, org.springframework.security.web.authentication.logout.LogoutFilter@28dd038f, org.springframework.security.oauth2.client.web.OAuth2AuthorizationRequestRedirectFilter@4df8443f, org.springframework.security.oauth2.client.web.OAuth2LoginAuthenticationFilter@79aa675b, org.springframework.security.web.authentication.UsernamePasswordAuthenticationFilter@650a0b50, org.springframework.security.web.savedrequest.RequestCacheAwareFilter@86e8469, org.springframework.security.web.servletapi.SecurityContextHolderAwareRequestFilter@76b6bad3, org.springframework.security.web.authentication.AnonymousAuthenticationFilter@e0c03bd, org.springframework.security.web.session.SessionManagementFilter@19439ec4, org.springframework.security.web.access.ExceptionTranslationFilter@77262e71, org.springframework.security.web.access.intercept.FilterSecurityInterceptor@6f9e6a85]
2023-05-16 09:48:27.087 WARN  [main] [o.s.b.a.o.j.JpaBaseConfiguration$JpaWebConfiguration] - spring.jpa.open-in-view is enabled by default. Therefore, database queries may be performed during view rendering. Explicitly configure spring.jpa.open-in-view to disable this warning
2023-05-16 09:48:27.425 INFO  [main] [o.apache.coyote.http11.Http11NioProtocol] - Starting ProtocolHandler ["http-nio-8080"]
2023-05-16 09:48:27.453 INFO  [main] [o.s.b.w.embedded.tomcat.TomcatWebServer] - Tomcat started on port(s): 8080 (http) with context path ''
2023-05-16 09:48:27.465 INFO  [main] [c.e.mini_project.MiniProjectApplication] - Started MiniProjectApplication in 6.149 seconds (JVM running for 7.405)
2023-05-16 09:48:32.418 INFO  [http-nio-8080-exec-1] [o.a.c.c.C.[Tomcat].[localhost].[/]] - Initializing Spring DispatcherServlet 'dispatcherServlet'
2023-05-16 09:48:32.419 INFO  [http-nio-8080-exec-1] [o.s.web.servlet.DispatcherServlet] - Initializing Servlet 'dispatcherServlet'
2023-05-16 09:48:32.420 INFO  [http-nio-8080-exec-1] [o.s.web.servlet.DispatcherServlet] - Completed initialization in 1 ms
2023-05-16 09:51:18.153 INFO  [SpringApplicationShutdownHook] [o.s.o.j.LocalContainerEntityManagerFactoryBean] - Closing JPA EntityManagerFactory for persistence unit 'default'
2023-05-16 09:51:18.155 INFO  [SpringApplicationShutdownHook] [com.zaxxer.hikari.HikariDataSource] - HikariPool-1 - Shutdown initiated...
2023-05-16 09:51:18.167 INFO  [SpringApplicationShutdownHook] [com.zaxxer.hikari.HikariDataSource] - HikariPool-1 - Shutdown completed.
2023-05-16 09:51:25.640 INFO  [main] [c.e.mini_project.MiniProjectApplication] - Starting MiniProjectApplication using Java 17.0.6 on LAPTOP-MOTF9EGN with PID 21084 (D:\mini_project\mini_project\build\classes\java\main started by USER in D:\mini_project\mini_project)
2023-05-16 09:51:25.645 INFO  [main] [c.e.mini_project.MiniProjectApplication] - The following 1 profile is active: "oauth"
2023-05-16 09:51:26.613 INFO  [main] [o.s.d.r.c.RepositoryConfigurationDelegate] - Bootstrapping Spring Data JPA repositories in DEFAULT mode.
2023-05-16 09:51:26.684 INFO  [main] [o.s.d.r.c.RepositoryConfigurationDelegate] - Finished Spring Data repository scanning in 62 ms. Found 1 JPA repository interfaces.
2023-05-16 09:51:27.281 INFO  [main] [o.s.b.w.embedded.tomcat.TomcatWebServer] - Tomcat initialized with port(s): 8080 (http)
2023-05-16 09:51:27.293 INFO  [main] [o.apache.coyote.http11.Http11NioProtocol] - Initializing ProtocolHandler ["http-nio-8080"]
2023-05-16 09:51:27.294 INFO  [main] [org.apache.catalina.core.StandardService] - Starting service [Tomcat]
2023-05-16 09:51:27.294 INFO  [main] [org.apache.catalina.core.StandardEngine] - Starting Servlet engine: [Apache Tomcat/9.0.74]
2023-05-16 09:51:27.655 INFO  [main] [org.apache.jasper.servlet.TldScanner] - At least one JAR was scanned for TLDs yet contained no TLDs. Enable debug logging for this logger for a complete list of JARs that were scanned but no TLDs were found in them. Skipping unneeded JARs during scanning can improve startup time and JSP compilation time.
2023-05-16 09:51:27.667 INFO  [main] [o.a.c.c.C.[Tomcat].[localhost].[/]] - Initializing Spring embedded WebApplicationContext
2023-05-16 09:51:27.667 INFO  [main] [o.s.b.w.s.c.ServletWebServerApplicationContext] - Root WebApplicationContext: initialization completed in 1730 ms
2023-05-16 09:51:27.948 INFO  [main] [o.hibernate.jpa.internal.util.LogHelper] - HHH000204: Processing PersistenceUnitInfo [name: default]
2023-05-16 09:51:28.003 INFO  [main] [org.hibernate.Version] - HHH000412: Hibernate ORM core version 5.6.15.Final
2023-05-16 09:51:28.182 INFO  [main] [org.hibernate.annotations.common.Version] - HCANN000001: Hibernate Commons Annotations {5.1.2.Final}
2023-05-16 09:51:28.306 INFO  [main] [com.zaxxer.hikari.HikariDataSource] - HikariPool-1 - Starting...
2023-05-16 09:51:28.620 INFO  [main] [com.zaxxer.hikari.HikariDataSource] - HikariPool-1 - Start completed.
2023-05-16 09:51:28.636 INFO  [main] [org.hibernate.dialect.Dialect] - HHH000400: Using dialect: org.hibernate.dialect.Oracle12cDialect
2023-05-16 09:51:29.813 INFO  [main] [o.h.e.t.j.p.i.JtaPlatformInitiator] - HHH000490: Using JtaPlatform implementation: [org.hibernate.engine.transaction.jta.platform.internal.NoJtaPlatform]
2023-05-16 09:51:29.823 INFO  [main] [o.s.o.j.LocalContainerEntityManagerFactoryBean] - Initialized JPA EntityManagerFactory for persistence unit 'default'
2023-05-16 09:51:30.527 INFO  [main] [o.s.s.web.DefaultSecurityFilterChain] - Will secure any request with [org.springframework.security.web.session.DisableEncodeUrlFilter@3390621a, org.springframework.security.web.context.request.async.WebAsyncManagerIntegrationFilter@69d9d322, org.springframework.security.web.context.SecurityContextPersistenceFilter@7aad7df5, org.springframework.security.web.header.HeaderWriterFilter@f047670, org.springframework.security.web.authentication.logout.LogoutFilter@7236213e, org.springframework.security.oauth2.client.web.OAuth2AuthorizationRequestRedirectFilter@7842260f, org.springframework.security.oauth2.client.web.OAuth2LoginAuthenticationFilter@7cb4d4ee, org.springframework.security.web.authentication.UsernamePasswordAuthenticationFilter@6d3194ff, org.springframework.security.web.savedrequest.RequestCacheAwareFilter@69cc3370, org.springframework.security.web.servletapi.SecurityContextHolderAwareRequestFilter@9120cb5, org.springframework.security.web.authentication.AnonymousAuthenticationFilter@4e23ddf0, org.springframework.security.web.session.SessionManagementFilter@27d44578, org.springframework.security.web.access.ExceptionTranslationFilter@1e186006, org.springframework.security.web.access.intercept.FilterSecurityInterceptor@5bb90b89]
2023-05-16 09:51:30.567 WARN  [main] [o.s.b.a.o.j.JpaBaseConfiguration$JpaWebConfiguration] - spring.jpa.open-in-view is enabled by default. Therefore, database queries may be performed during view rendering. Explicitly configure spring.jpa.open-in-view to disable this warning
2023-05-16 09:51:30.889 INFO  [main] [o.apache.coyote.http11.Http11NioProtocol] - Starting ProtocolHandler ["http-nio-8080"]
2023-05-16 09:51:30.915 INFO  [main] [o.s.b.w.embedded.tomcat.TomcatWebServer] - Tomcat started on port(s): 8080 (http) with context path ''
2023-05-16 09:51:30.927 INFO  [main] [c.e.mini_project.MiniProjectApplication] - Started MiniProjectApplication in 6.149 seconds (JVM running for 8.419)
2023-05-16 09:51:39.166 INFO  [http-nio-8080-exec-1] [o.a.c.c.C.[Tomcat].[localhost].[/]] - Initializing Spring DispatcherServlet 'dispatcherServlet'
2023-05-16 09:51:39.166 INFO  [http-nio-8080-exec-1] [o.s.web.servlet.DispatcherServlet] - Initializing Servlet 'dispatcherServlet'
2023-05-16 09:51:39.168 INFO  [http-nio-8080-exec-1] [o.s.web.servlet.DispatcherServlet] - Completed initialization in 1 ms
2023-05-16 09:53:35.537 INFO  [SpringApplicationShutdownHook] [o.s.o.j.LocalContainerEntityManagerFactoryBean] - Closing JPA EntityManagerFactory for persistence unit 'default'
2023-05-16 09:53:35.540 INFO  [SpringApplicationShutdownHook] [com.zaxxer.hikari.HikariDataSource] - HikariPool-1 - Shutdown initiated...
2023-05-16 09:53:35.555 INFO  [SpringApplicationShutdownHook] [com.zaxxer.hikari.HikariDataSource] - HikariPool-1 - Shutdown completed.
2023-05-16 09:53:44.663 INFO  [main] [c.e.mini_project.MiniProjectApplication] - Starting MiniProjectApplication using Java 17.0.6 on LAPTOP-MOTF9EGN with PID 22944 (D:\mini_project\mini_project\build\classes\java\main started by USER in D:\mini_project\mini_project)
2023-05-16 09:53:44.667 INFO  [main] [c.e.mini_project.MiniProjectApplication] - The following 1 profile is active: "oauth"
2023-05-16 09:53:45.653 INFO  [main] [o.s.d.r.c.RepositoryConfigurationDelegate] - Bootstrapping Spring Data JPA repositories in DEFAULT mode.
2023-05-16 09:53:45.720 INFO  [main] [o.s.d.r.c.RepositoryConfigurationDelegate] - Finished Spring Data repository scanning in 59 ms. Found 1 JPA repository interfaces.
2023-05-16 09:53:46.358 INFO  [main] [o.s.b.w.embedded.tomcat.TomcatWebServer] - Tomcat initialized with port(s): 8080 (http)
2023-05-16 09:53:46.368 INFO  [main] [o.apache.coyote.http11.Http11NioProtocol] - Initializing ProtocolHandler ["http-nio-8080"]
2023-05-16 09:53:46.369 INFO  [main] [org.apache.catalina.core.StandardService] - Starting service [Tomcat]
2023-05-16 09:53:46.369 INFO  [main] [org.apache.catalina.core.StandardEngine] - Starting Servlet engine: [Apache Tomcat/9.0.74]
2023-05-16 09:53:46.775 INFO  [main] [org.apache.jasper.servlet.TldScanner] - At least one JAR was scanned for TLDs yet contained no TLDs. Enable debug logging for this logger for a complete list of JARs that were scanned but no TLDs were found in them. Skipping unneeded JARs during scanning can improve startup time and JSP compilation time.
2023-05-16 09:53:46.789 INFO  [main] [o.a.c.c.C.[Tomcat].[localhost].[/]] - Initializing Spring embedded WebApplicationContext
2023-05-16 09:53:46.789 INFO  [main] [o.s.b.w.s.c.ServletWebServerApplicationContext] - Root WebApplicationContext: initialization completed in 1830 ms
2023-05-16 09:53:47.026 INFO  [main] [o.hibernate.jpa.internal.util.LogHelper] - HHH000204: Processing PersistenceUnitInfo [name: default]
2023-05-16 09:53:47.078 INFO  [main] [org.hibernate.Version] - HHH000412: Hibernate ORM core version 5.6.15.Final
2023-05-16 09:53:47.262 INFO  [main] [org.hibernate.annotations.common.Version] - HCANN000001: Hibernate Commons Annotations {5.1.2.Final}
2023-05-16 09:53:47.377 INFO  [main] [com.zaxxer.hikari.HikariDataSource] - HikariPool-1 - Starting...
2023-05-16 09:53:47.755 INFO  [main] [com.zaxxer.hikari.HikariDataSource] - HikariPool-1 - Start completed.
2023-05-16 09:53:47.775 INFO  [main] [org.hibernate.dialect.Dialect] - HHH000400: Using dialect: org.hibernate.dialect.Oracle12cDialect
2023-05-16 09:53:50.558 INFO  [main] [o.h.e.t.j.p.i.JtaPlatformInitiator] - HHH000490: Using JtaPlatform implementation: [org.hibernate.engine.transaction.jta.platform.internal.NoJtaPlatform]
2023-05-16 09:53:50.576 INFO  [main] [o.s.o.j.LocalContainerEntityManagerFactoryBean] - Initialized JPA EntityManagerFactory for persistence unit 'default'
2023-05-16 09:53:51.555 INFO  [main] [o.s.s.web.DefaultSecurityFilterChain] - Will secure any request with [org.springframework.security.web.session.DisableEncodeUrlFilter@373c8f35, org.springframework.security.web.context.request.async.WebAsyncManagerIntegrationFilter@1d86b636, org.springframework.security.web.context.SecurityContextPersistenceFilter@7d50b4c4, org.springframework.security.web.header.HeaderWriterFilter@1c0a4f87, org.springframework.security.web.authentication.logout.LogoutFilter@28dd038f, org.springframework.security.oauth2.client.web.OAuth2AuthorizationRequestRedirectFilter@4df8443f, org.springframework.security.oauth2.client.web.OAuth2LoginAuthenticationFilter@79aa675b, org.springframework.security.web.authentication.UsernamePasswordAuthenticationFilter@650a0b50, org.springframework.security.web.savedrequest.RequestCacheAwareFilter@86e8469, org.springframework.security.web.servletapi.SecurityContextHolderAwareRequestFilter@76b6bad3, org.springframework.security.web.authentication.AnonymousAuthenticationFilter@e0c03bd, org.springframework.security.web.session.SessionManagementFilter@19439ec4, org.springframework.security.web.access.ExceptionTranslationFilter@77262e71, org.springframework.security.web.access.intercept.FilterSecurityInterceptor@6f9e6a85]
2023-05-16 09:53:51.600 WARN  [main] [o.s.b.a.o.j.JpaBaseConfiguration$JpaWebConfiguration] - spring.jpa.open-in-view is enabled by default. Therefore, database queries may be performed during view rendering. Explicitly configure spring.jpa.open-in-view to disable this warning
2023-05-16 09:53:51.937 INFO  [main] [o.apache.coyote.http11.Http11NioProtocol] - Starting ProtocolHandler ["http-nio-8080"]
2023-05-16 09:53:51.967 INFO  [main] [o.s.b.w.embedded.tomcat.TomcatWebServer] - Tomcat started on port(s): 8080 (http) with context path ''
2023-05-16 09:53:51.980 INFO  [main] [c.e.mini_project.MiniProjectApplication] - Started MiniProjectApplication in 7.965 seconds (JVM running for 11.064)
2023-05-16 09:53:58.406 INFO  [http-nio-8080-exec-1] [o.a.c.c.C.[Tomcat].[localhost].[/]] - Initializing Spring DispatcherServlet 'dispatcherServlet'
2023-05-16 09:53:58.406 INFO  [http-nio-8080-exec-1] [o.s.web.servlet.DispatcherServlet] - Initializing Servlet 'dispatcherServlet'
2023-05-16 09:53:58.408 INFO  [http-nio-8080-exec-1] [o.s.web.servlet.DispatcherServlet] - Completed initialization in 1 ms
2023-05-16 09:59:23.368 INFO  [SpringApplicationShutdownHook] [o.s.o.j.LocalContainerEntityManagerFactoryBean] - Closing JPA EntityManagerFactory for persistence unit 'default'
2023-05-16 09:59:23.370 INFO  [SpringApplicationShutdownHook] [com.zaxxer.hikari.HikariDataSource] - HikariPool-1 - Shutdown initiated...
2023-05-16 09:59:23.394 INFO  [SpringApplicationShutdownHook] [com.zaxxer.hikari.HikariDataSource] - HikariPool-1 - Shutdown completed.
2023-05-16 09:59:31.729 INFO  [main] [c.e.mini_project.MiniProjectApplication] - Starting MiniProjectApplication using Java 17.0.6 on LAPTOP-MOTF9EGN with PID 21960 (D:\mini_project\mini_project\build\classes\java\main started by USER in D:\mini_project\mini_project)
2023-05-16 09:59:31.734 INFO  [main] [c.e.mini_project.MiniProjectApplication] - The following 1 profile is active: "oauth"
2023-05-16 09:59:32.709 INFO  [main] [o.s.d.r.c.RepositoryConfigurationDelegate] - Bootstrapping Spring Data JPA repositories in DEFAULT mode.
2023-05-16 09:59:32.776 INFO  [main] [o.s.d.r.c.RepositoryConfigurationDelegate] - Finished Spring Data repository scanning in 58 ms. Found 1 JPA repository interfaces.
2023-05-16 09:59:33.420 INFO  [main] [o.s.b.w.embedded.tomcat.TomcatWebServer] - Tomcat initialized with port(s): 8080 (http)
2023-05-16 09:59:33.430 INFO  [main] [o.apache.coyote.http11.Http11NioProtocol] - Initializing ProtocolHandler ["http-nio-8080"]
2023-05-16 09:59:33.430 INFO  [main] [org.apache.catalina.core.StandardService] - Starting service [Tomcat]
2023-05-16 09:59:33.430 INFO  [main] [org.apache.catalina.core.StandardEngine] - Starting Servlet engine: [Apache Tomcat/9.0.74]
2023-05-16 09:59:33.776 INFO  [main] [org.apache.jasper.servlet.TldScanner] - At least one JAR was scanned for TLDs yet contained no TLDs. Enable debug logging for this logger for a complete list of JARs that were scanned but no TLDs were found in them. Skipping unneeded JARs during scanning can improve startup time and JSP compilation time.
2023-05-16 09:59:33.787 INFO  [main] [o.a.c.c.C.[Tomcat].[localhost].[/]] - Initializing Spring embedded WebApplicationContext
2023-05-16 09:59:33.787 INFO  [main] [o.s.b.w.s.c.ServletWebServerApplicationContext] - Root WebApplicationContext: initialization completed in 1758 ms
2023-05-16 09:59:34.029 INFO  [main] [o.hibernate.jpa.internal.util.LogHelper] - HHH000204: Processing PersistenceUnitInfo [name: default]
2023-05-16 09:59:34.084 INFO  [main] [org.hibernate.Version] - HHH000412: Hibernate ORM core version 5.6.15.Final
2023-05-16 09:59:34.289 INFO  [main] [org.hibernate.annotations.common.Version] - HCANN000001: Hibernate Commons Annotations {5.1.2.Final}
2023-05-16 09:59:34.400 INFO  [main] [com.zaxxer.hikari.HikariDataSource] - HikariPool-1 - Starting...
2023-05-16 09:59:34.705 INFO  [main] [com.zaxxer.hikari.HikariDataSource] - HikariPool-1 - Start completed.
2023-05-16 09:59:34.730 INFO  [main] [org.hibernate.dialect.Dialect] - HHH000400: Using dialect: org.hibernate.dialect.Oracle12cDialect
2023-05-16 09:59:36.188 INFO  [main] [o.h.e.t.j.p.i.JtaPlatformInitiator] - HHH000490: Using JtaPlatform implementation: [org.hibernate.engine.transaction.jta.platform.internal.NoJtaPlatform]
2023-05-16 09:59:36.199 INFO  [main] [o.s.o.j.LocalContainerEntityManagerFactoryBean] - Initialized JPA EntityManagerFactory for persistence unit 'default'
2023-05-16 09:59:36.998 INFO  [main] [o.s.s.web.DefaultSecurityFilterChain] - Will secure any request with [org.springframework.security.web.session.DisableEncodeUrlFilter@287dde94, org.springframework.security.web.context.request.async.WebAsyncManagerIntegrationFilter@2f650dae, org.springframework.security.web.context.SecurityContextPersistenceFilter@77902ed6, org.springframework.security.web.header.HeaderWriterFilter@24455d50, org.springframework.security.web.authentication.logout.LogoutFilter@20524816, org.springframework.security.oauth2.client.web.OAuth2AuthorizationRequestRedirectFilter@1e86b2d1, org.springframework.security.oauth2.client.web.OAuth2LoginAuthenticationFilter@65029fc, org.springframework.security.web.authentication.UsernamePasswordAuthenticationFilter@5f0bf0ed, org.springframework.security.web.savedrequest.RequestCacheAwareFilter@5f5076f9, org.springframework.security.web.servletapi.SecurityContextHolderAwareRequestFilter@19439ec4, org.springframework.security.web.authentication.AnonymousAuthenticationFilter@4df8443f, org.springframework.security.web.session.SessionManagementFilter@4cc4f6bd, org.springframework.security.web.access.ExceptionTranslationFilter@33de9d85, org.springframework.security.web.access.intercept.FilterSecurityInterceptor@2df7766b]
2023-05-16 09:59:37.050 WARN  [main] [o.s.b.a.o.j.JpaBaseConfiguration$JpaWebConfiguration] - spring.jpa.open-in-view is enabled by default. Therefore, database queries may be performed during view rendering. Explicitly configure spring.jpa.open-in-view to disable this warning
2023-05-16 09:59:37.481 INFO  [main] [o.apache.coyote.http11.Http11NioProtocol] - Starting ProtocolHandler ["http-nio-8080"]
2023-05-16 09:59:37.519 INFO  [main] [o.s.b.w.embedded.tomcat.TomcatWebServer] - Tomcat started on port(s): 8080 (http) with context path ''
2023-05-16 09:59:37.535 INFO  [main] [c.e.mini_project.MiniProjectApplication] - Started MiniProjectApplication in 6.508 seconds (JVM running for 9.297)
2023-05-16 09:59:37.619 INFO  [http-nio-8080-exec-1] [o.a.c.c.C.[Tomcat].[localhost].[/]] - Initializing Spring DispatcherServlet 'dispatcherServlet'
2023-05-16 09:59:37.619 INFO  [http-nio-8080-exec-1] [o.s.web.servlet.DispatcherServlet] - Initializing Servlet 'dispatcherServlet'
2023-05-16 09:59:37.621 INFO  [http-nio-8080-exec-1] [o.s.web.servlet.DispatcherServlet] - Completed initialization in 2 ms
2023-05-16 10:17:51.187 INFO  [SpringApplicationShutdownHook] [o.s.o.j.LocalContainerEntityManagerFactoryBean] - Closing JPA EntityManagerFactory for persistence unit 'default'
2023-05-16 10:17:51.190 INFO  [SpringApplicationShutdownHook] [com.zaxxer.hikari.HikariDataSource] - HikariPool-1 - Shutdown initiated...
2023-05-16 10:17:51.204 INFO  [SpringApplicationShutdownHook] [com.zaxxer.hikari.HikariDataSource] - HikariPool-1 - Shutdown completed.
2023-05-16 10:17:57.808 INFO  [main] [c.e.mini_project.MiniProjectApplication] - Starting MiniProjectApplication using Java 17.0.6 on LAPTOP-MOTF9EGN with PID 13272 (D:\mini_project\mini_project\build\classes\java\main started by USER in D:\mini_project\mini_project)
2023-05-16 10:17:57.812 INFO  [main] [c.e.mini_project.MiniProjectApplication] - The following 1 profile is active: "oauth"
2023-05-16 10:17:58.798 INFO  [main] [o.s.d.r.c.RepositoryConfigurationDelegate] - Bootstrapping Spring Data JPA repositories in DEFAULT mode.
2023-05-16 10:17:58.865 INFO  [main] [o.s.d.r.c.RepositoryConfigurationDelegate] - Finished Spring Data repository scanning in 57 ms. Found 1 JPA repository interfaces.
2023-05-16 10:17:59.476 INFO  [main] [o.s.b.w.embedded.tomcat.TomcatWebServer] - Tomcat initialized with port(s): 8080 (http)
2023-05-16 10:17:59.485 INFO  [main] [o.apache.coyote.http11.Http11NioProtocol] - Initializing ProtocolHandler ["http-nio-8080"]
2023-05-16 10:17:59.486 INFO  [main] [org.apache.catalina.core.StandardService] - Starting service [Tomcat]
2023-05-16 10:17:59.486 INFO  [main] [org.apache.catalina.core.StandardEngine] - Starting Servlet engine: [Apache Tomcat/9.0.74]
2023-05-16 10:17:59.866 INFO  [main] [org.apache.jasper.servlet.TldScanner] - At least one JAR was scanned for TLDs yet contained no TLDs. Enable debug logging for this logger for a complete list of JARs that were scanned but no TLDs were found in them. Skipping unneeded JARs during scanning can improve startup time and JSP compilation time.
2023-05-16 10:17:59.880 INFO  [main] [o.a.c.c.C.[Tomcat].[localhost].[/]] - Initializing Spring embedded WebApplicationContext
2023-05-16 10:17:59.880 INFO  [main] [o.s.b.w.s.c.ServletWebServerApplicationContext] - Root WebApplicationContext: initialization completed in 1777 ms
2023-05-16 10:18:00.177 INFO  [main] [o.hibernate.jpa.internal.util.LogHelper] - HHH000204: Processing PersistenceUnitInfo [name: default]
2023-05-16 10:18:00.246 INFO  [main] [org.hibernate.Version] - HHH000412: Hibernate ORM core version 5.6.15.Final
2023-05-16 10:18:00.445 INFO  [main] [org.hibernate.annotations.common.Version] - HCANN000001: Hibernate Commons Annotations {5.1.2.Final}
2023-05-16 10:18:00.616 INFO  [main] [com.zaxxer.hikari.HikariDataSource] - HikariPool-1 - Starting...
2023-05-16 10:18:00.971 INFO  [main] [com.zaxxer.hikari.HikariDataSource] - HikariPool-1 - Start completed.
2023-05-16 10:18:00.991 INFO  [main] [org.hibernate.dialect.Dialect] - HHH000400: Using dialect: org.hibernate.dialect.Oracle12cDialect
2023-05-16 10:18:02.591 INFO  [main] [o.h.e.t.j.p.i.JtaPlatformInitiator] - HHH000490: Using JtaPlatform implementation: [org.hibernate.engine.transaction.jta.platform.internal.NoJtaPlatform]
2023-05-16 10:18:02.603 INFO  [main] [o.s.o.j.LocalContainerEntityManagerFactoryBean] - Initialized JPA EntityManagerFactory for persistence unit 'default'
2023-05-16 10:18:03.443 INFO  [main] [o.s.s.web.DefaultSecurityFilterChain] - Will secure any request with [org.springframework.security.web.session.DisableEncodeUrlFilter@1a6df932, org.springframework.security.web.context.request.async.WebAsyncManagerIntegrationFilter@74120029, org.springframework.security.web.context.SecurityContextPersistenceFilter@7325b786, org.springframework.security.web.header.HeaderWriterFilter@7d50b4c4, org.springframework.security.web.authentication.logout.LogoutFilter@2c376461, org.springframework.security.oauth2.client.web.OAuth2AuthorizationRequestRedirectFilter@1d86b636, org.springframework.security.oauth2.client.web.OAuth2LoginAuthenticationFilter@e0c03bd, org.springframework.security.web.authentication.UsernamePasswordAuthenticationFilter@cda988, org.springframework.security.web.savedrequest.RequestCacheAwareFilter@4c376b44, org.springframework.security.web.servletapi.SecurityContextHolderAwareRequestFilter@47596e9, org.springframework.security.web.authentication.AnonymousAuthenticationFilter@3031d9e9, org.springframework.security.web.session.SessionManagementFilter@86e8469, org.springframework.security.web.access.ExceptionTranslationFilter@6f53f5a4, org.springframework.security.web.access.intercept.FilterSecurityInterceptor@650a0b50]
2023-05-16 10:18:03.493 WARN  [main] [o.s.b.a.o.j.JpaBaseConfiguration$JpaWebConfiguration] - spring.jpa.open-in-view is enabled by default. Therefore, database queries may be performed during view rendering. Explicitly configure spring.jpa.open-in-view to disable this warning
2023-05-16 10:18:03.857 INFO  [main] [o.apache.coyote.http11.Http11NioProtocol] - Starting ProtocolHandler ["http-nio-8080"]
2023-05-16 10:18:03.885 INFO  [main] [o.s.b.w.embedded.tomcat.TomcatWebServer] - Tomcat started on port(s): 8080 (http) with context path ''
2023-05-16 10:18:03.904 INFO  [main] [c.e.mini_project.MiniProjectApplication] - Started MiniProjectApplication in 6.636 seconds (JVM running for 7.754)
2023-05-16 10:18:11.823 INFO  [http-nio-8080-exec-1] [o.a.c.c.C.[Tomcat].[localhost].[/]] - Initializing Spring DispatcherServlet 'dispatcherServlet'
2023-05-16 10:18:11.823 INFO  [http-nio-8080-exec-1] [o.s.web.servlet.DispatcherServlet] - Initializing Servlet 'dispatcherServlet'
2023-05-16 10:18:11.824 INFO  [http-nio-8080-exec-1] [o.s.web.servlet.DispatcherServlet] - Completed initialization in 1 ms
2023-05-16 10:26:41.261 INFO  [SpringApplicationShutdownHook] [o.s.o.j.LocalContainerEntityManagerFactoryBean] - Closing JPA EntityManagerFactory for persistence unit 'default'
2023-05-16 10:26:41.262 INFO  [SpringApplicationShutdownHook] [com.zaxxer.hikari.HikariDataSource] - HikariPool-1 - Shutdown initiated...
2023-05-16 10:26:41.278 INFO  [SpringApplicationShutdownHook] [com.zaxxer.hikari.HikariDataSource] - HikariPool-1 - Shutdown completed.
