2023-05-21 14:06:08.632 WARN  [HikariPool-1 housekeeper] [com.zaxxer.hikari.pool.HikariPool] - HikariPool-1 - Thread starvation or clock leap detected (housekeeper delta=17h36m52s930ms1µs100ns).
2023-05-21 16:05:48.928 ERROR [http-nio-8080-exec-10] [o.a.c.c.C.[.[.[/].[dispatcherServlet]] - Servlet.service() for servlet [dispatcherServlet] in context with path [] threw exception [Request processing failed; nested exception is com.samskivert.mustache.MustacheException$Context: No method or field with name 'picture' on line 36] with root cause
com.samskivert.mustache.MustacheException$Context: No method or field with name 'picture' on line 36
	at com.samskivert.mustache.Template.checkForMissing(Template.java:344)
	at com.samskivert.mustache.Template.getValue(Template.java:247)
	at com.samskivert.mustache.Template.getValueOrDefault(Template.java:292)
	at com.samskivert.mustache.Mustache$VariableSegment.execute(Mustache.java:872)
	at com.samskivert.mustache.Mustache$BlockSegment.executeSegs(Mustache.java:920)
	at com.samskivert.mustache.Mustache$SectionSegment.execute(Mustache.java:956)
	at com.samskivert.mustache.Template.executeSegs(Template.java:170)
	at com.samskivert.mustache.Mustache$IncludedTemplateSegment.execute(Mustache.java:831)
	at com.samskivert.mustache.Template.executeSegs(Template.java:170)
	at com.samskivert.mustache.Template.execute(Template.java:137)
	at org.springframework.boot.web.servlet.view.MustacheView.renderMergedTemplateModel(MustacheView.java:80)
	at org.springframework.web.servlet.view.AbstractTemplateView.renderMergedOutputModel(AbstractTemplateView.java:181)
	at org.springframework.web.servlet.view.AbstractView.render(AbstractView.java:316)
	at org.springframework.web.servlet.DispatcherServlet.render(DispatcherServlet.java:1406)
	at org.springframework.web.servlet.DispatcherServlet.processDispatchResult(DispatcherServlet.java:1150)
	at org.springframework.web.servlet.DispatcherServlet.doDispatch(DispatcherServlet.java:1089)
	at org.springframework.web.servlet.DispatcherServlet.doService(DispatcherServlet.java:965)
	at org.springframework.web.servlet.FrameworkServlet.processRequest(FrameworkServlet.java:1006)
	at org.springframework.web.servlet.FrameworkServlet.doGet(FrameworkServlet.java:898)
	at javax.servlet.http.HttpServlet.service(HttpServlet.java:529)
	at org.springframework.web.servlet.FrameworkServlet.service(FrameworkServlet.java:883)
	at javax.servlet.http.HttpServlet.service(HttpServlet.java:623)
	at org.apache.catalina.core.ApplicationFilterChain.internalDoFilter(ApplicationFilterChain.java:209)
	at org.apache.catalina.core.ApplicationFilterChain.doFilter(ApplicationFilterChain.java:153)
	at org.apache.tomcat.websocket.server.WsFilter.doFilter(WsFilter.java:51)
	at org.apache.catalina.core.ApplicationFilterChain.internalDoFilter(ApplicationFilterChain.java:178)
	at org.apache.catalina.core.ApplicationFilterChain.doFilter(ApplicationFilterChain.java:153)
	at org.springframework.security.web.FilterChainProxy$VirtualFilterChain.doFilter(FilterChainProxy.java:337)
	at org.springframework.security.web.access.intercept.FilterSecurityInterceptor.invoke(FilterSecurityInterceptor.java:115)
	at org.springframework.security.web.access.intercept.FilterSecurityInterceptor.doFilter(FilterSecurityInterceptor.java:81)
	at org.springframework.security.web.FilterChainProxy$VirtualFilterChain.doFilter(FilterChainProxy.java:346)
	at org.springframework.security.web.access.ExceptionTranslationFilter.doFilter(ExceptionTranslationFilter.java:122)
	at org.springframework.security.web.access.ExceptionTranslationFilter.doFilter(ExceptionTranslationFilter.java:116)
	at org.springframework.security.web.FilterChainProxy$VirtualFilterChain.doFilter(FilterChainProxy.java:346)
	at org.springframework.security.web.session.SessionManagementFilter.doFilter(SessionManagementFilter.java:126)
	at org.springframework.security.web.session.SessionManagementFilter.doFilter(SessionManagementFilter.java:81)
	at org.springframework.security.web.FilterChainProxy$VirtualFilterChain.doFilter(FilterChainProxy.java:346)
	at org.springframework.security.web.authentication.AnonymousAuthenticationFilter.doFilter(AnonymousAuthenticationFilter.java:109)
	at org.springframework.security.web.FilterChainProxy$VirtualFilterChain.doFilter(FilterChainProxy.java:346)
	at org.springframework.security.web.servletapi.SecurityContextHolderAwareRequestFilter.doFilter(SecurityContextHolderAwareRequestFilter.java:149)
	at org.springframework.security.web.FilterChainProxy$VirtualFilterChain.doFilter(FilterChainProxy.java:346)
	at org.springframework.security.web.savedrequest.RequestCacheAwareFilter.doFilter(RequestCacheAwareFilter.java:63)
	at org.springframework.security.web.FilterChainProxy$VirtualFilterChain.doFilter(FilterChainProxy.java:346)
	at org.springframework.security.web.authentication.AbstractAuthenticationProcessingFilter.doFilter(AbstractAuthenticationProcessingFilter.java:223)
	at org.springframework.security.web.authentication.AbstractAuthenticationProcessingFilter.doFilter(AbstractAuthenticationProcessingFilter.java:217)
	at org.springframework.security.web.FilterChainProxy$VirtualFilterChain.doFilter(FilterChainProxy.java:346)
	at org.springframework.security.web.authentication.AbstractAuthenticationProcessingFilter.doFilter(AbstractAuthenticationProcessingFilter.java:223)
	at org.springframework.security.web.authentication.AbstractAuthenticationProcessingFilter.doFilter(AbstractAuthenticationProcessingFilter.java:217)
	at org.springframework.security.web.FilterChainProxy$VirtualFilterChain.doFilter(FilterChainProxy.java:346)
	at org.springframework.security.oauth2.client.web.OAuth2AuthorizationRequestRedirectFilter.doFilterInternal(OAuth2AuthorizationRequestRedirectFilter.java:178)
	at org.springframework.web.filter.OncePerRequestFilter.doFilter(OncePerRequestFilter.java:117)
	at org.springframework.security.web.FilterChainProxy$VirtualFilterChain.doFilter(FilterChainProxy.java:346)
	at org.springframework.security.web.authentication.logout.LogoutFilter.doFilter(LogoutFilter.java:103)
	at org.springframework.security.web.authentication.logout.LogoutFilter.doFilter(LogoutFilter.java:89)
	at org.springframework.security.web.FilterChainProxy$VirtualFilterChain.doFilter(FilterChainProxy.java:346)
	at org.springframework.security.web.csrf.CsrfFilter.doFilterInternal(CsrfFilter.java:117)
	at org.springframework.web.filter.OncePerRequestFilter.doFilter(OncePerRequestFilter.java:117)
	at org.springframework.security.web.FilterChainProxy$VirtualFilterChain.doFilter(FilterChainProxy.java:346)
	at org.springframework.security.web.header.HeaderWriterFilter.doHeadersAfter(HeaderWriterFilter.java:90)
	at org.springframework.security.web.header.HeaderWriterFilter.doFilterInternal(HeaderWriterFilter.java:75)
	at org.springframework.web.filter.OncePerRequestFilter.doFilter(OncePerRequestFilter.java:117)
	at org.springframework.security.web.FilterChainProxy$VirtualFilterChain.doFilter(FilterChainProxy.java:346)
	at org.springframework.security.web.context.SecurityContextPersistenceFilter.doFilter(SecurityContextPersistenceFilter.java:112)
	at org.springframework.security.web.context.SecurityContextPersistenceFilter.doFilter(SecurityContextPersistenceFilter.java:82)
	at org.springframework.security.web.FilterChainProxy$VirtualFilterChain.doFilter(FilterChainProxy.java:346)
	at org.springframework.security.web.context.request.async.WebAsyncManagerIntegrationFilter.doFilterInternal(WebAsyncManagerIntegrationFilter.java:55)
	at org.springframework.web.filter.OncePerRequestFilter.doFilter(OncePerRequestFilter.java:117)
	at org.springframework.security.web.FilterChainProxy$VirtualFilterChain.doFilter(FilterChainProxy.java:346)
	at org.springframework.security.web.session.DisableEncodeUrlFilter.doFilterInternal(DisableEncodeUrlFilter.java:42)
	at org.springframework.web.filter.OncePerRequestFilter.doFilter(OncePerRequestFilter.java:117)
	at org.springframework.security.web.FilterChainProxy$VirtualFilterChain.doFilter(FilterChainProxy.java:346)
	at org.springframework.security.web.FilterChainProxy.doFilterInternal(FilterChainProxy.java:221)
	at org.springframework.security.web.FilterChainProxy.doFilter(FilterChainProxy.java:186)
	at org.springframework.web.filter.DelegatingFilterProxy.invokeDelegate(DelegatingFilterProxy.java:354)
	at org.springframework.web.filter.DelegatingFilterProxy.doFilter(DelegatingFilterProxy.java:267)
	at org.apache.catalina.core.ApplicationFilterChain.internalDoFilter(ApplicationFilterChain.java:178)
	at org.apache.catalina.core.ApplicationFilterChain.doFilter(ApplicationFilterChain.java:153)
	at org.springframework.web.filter.RequestContextFilter.doFilterInternal(RequestContextFilter.java:100)
	at org.springframework.web.filter.OncePerRequestFilter.doFilter(OncePerRequestFilter.java:117)
	at org.apache.catalina.core.ApplicationFilterChain.internalDoFilter(ApplicationFilterChain.java:178)
	at org.apache.catalina.core.ApplicationFilterChain.doFilter(ApplicationFilterChain.java:153)
	at org.springframework.web.filter.FormContentFilter.doFilterInternal(FormContentFilter.java:93)
	at org.springframework.web.filter.OncePerRequestFilter.doFilter(OncePerRequestFilter.java:117)
	at org.apache.catalina.core.ApplicationFilterChain.internalDoFilter(ApplicationFilterChain.java:178)
	at org.apache.catalina.core.ApplicationFilterChain.doFilter(ApplicationFilterChain.java:153)
	at org.springframework.web.filter.CharacterEncodingFilter.doFilterInternal(CharacterEncodingFilter.java:201)
	at org.springframework.web.filter.OncePerRequestFilter.doFilter(OncePerRequestFilter.java:117)
	at org.apache.catalina.core.ApplicationFilterChain.internalDoFilter(ApplicationFilterChain.java:178)
	at org.apache.catalina.core.ApplicationFilterChain.doFilter(ApplicationFilterChain.java:153)
	at org.apache.catalina.core.StandardWrapperValve.invoke(StandardWrapperValve.java:167)
	at org.apache.catalina.core.StandardContextValve.invoke(StandardContextValve.java:90)
	at org.apache.catalina.authenticator.AuthenticatorBase.invoke(AuthenticatorBase.java:481)
	at org.apache.catalina.core.StandardHostValve.invoke(StandardHostValve.java:130)
	at org.apache.catalina.valves.ErrorReportValve.invoke(ErrorReportValve.java:93)
	at org.apache.catalina.core.StandardEngineValve.invoke(StandardEngineValve.java:74)
	at org.apache.catalina.connector.CoyoteAdapter.service(CoyoteAdapter.java:343)
	at org.apache.coyote.http11.Http11Processor.service(Http11Processor.java:389)
	at org.apache.coyote.AbstractProcessorLight.process(AbstractProcessorLight.java:63)
	at org.apache.coyote.AbstractProtocol$ConnectionHandler.process(AbstractProtocol.java:926)
	at org.apache.tomcat.util.net.NioEndpoint$SocketProcessor.doRun(NioEndpoint.java:1791)
	at org.apache.tomcat.util.net.SocketProcessorBase.run(SocketProcessorBase.java:52)
	at org.apache.tomcat.util.threads.ThreadPoolExecutor.runWorker(ThreadPoolExecutor.java:1191)
	at org.apache.tomcat.util.threads.ThreadPoolExecutor$Worker.run(ThreadPoolExecutor.java:659)
	at org.apache.tomcat.util.threads.TaskThread$WrappingRunnable.run(TaskThread.java:61)
	at java.base/java.lang.Thread.run(Thread.java:833)
2023-05-21 16:05:50.262 ERROR [http-nio-8080-exec-7] [o.a.c.c.C.[.[.[/].[dispatcherServlet]] - Servlet.service() for servlet [dispatcherServlet] in context with path [] threw exception [Request processing failed; nested exception is com.samskivert.mustache.MustacheException$Context: No method or field with name 'picture' on line 36] with root cause
com.samskivert.mustache.MustacheException$Context: No method or field with name 'picture' on line 36
	at com.samskivert.mustache.Template.checkForMissing(Template.java:344)
	at com.samskivert.mustache.Template.getValue(Template.java:247)
	at com.samskivert.mustache.Template.getValueOrDefault(Template.java:292)
	at com.samskivert.mustache.Mustache$VariableSegment.execute(Mustache.java:872)
	at com.samskivert.mustache.Mustache$BlockSegment.executeSegs(Mustache.java:920)
	at com.samskivert.mustache.Mustache$SectionSegment.execute(Mustache.java:956)
	at com.samskivert.mustache.Template.executeSegs(Template.java:170)
	at com.samskivert.mustache.Mustache$IncludedTemplateSegment.execute(Mustache.java:831)
	at com.samskivert.mustache.Template.executeSegs(Template.java:170)
	at com.samskivert.mustache.Template.execute(Template.java:137)
	at org.springframework.boot.web.servlet.view.MustacheView.renderMergedTemplateModel(MustacheView.java:80)
	at org.springframework.web.servlet.view.AbstractTemplateView.renderMergedOutputModel(AbstractTemplateView.java:181)
	at org.springframework.web.servlet.view.AbstractView.render(AbstractView.java:316)
	at org.springframework.web.servlet.DispatcherServlet.render(DispatcherServlet.java:1406)
	at org.springframework.web.servlet.DispatcherServlet.processDispatchResult(DispatcherServlet.java:1150)
	at org.springframework.web.servlet.DispatcherServlet.doDispatch(DispatcherServlet.java:1089)
	at org.springframework.web.servlet.DispatcherServlet.doService(DispatcherServlet.java:965)
	at org.springframework.web.servlet.FrameworkServlet.processRequest(FrameworkServlet.java:1006)
	at org.springframework.web.servlet.FrameworkServlet.doGet(FrameworkServlet.java:898)
	at javax.servlet.http.HttpServlet.service(HttpServlet.java:529)
	at org.springframework.web.servlet.FrameworkServlet.service(FrameworkServlet.java:883)
	at javax.servlet.http.HttpServlet.service(HttpServlet.java:623)
	at org.apache.catalina.core.ApplicationFilterChain.internalDoFilter(ApplicationFilterChain.java:209)
	at org.apache.catalina.core.ApplicationFilterChain.doFilter(ApplicationFilterChain.java:153)
	at org.apache.tomcat.websocket.server.WsFilter.doFilter(WsFilter.java:51)
	at org.apache.catalina.core.ApplicationFilterChain.internalDoFilter(ApplicationFilterChain.java:178)
	at org.apache.catalina.core.ApplicationFilterChain.doFilter(ApplicationFilterChain.java:153)
	at org.springframework.security.web.FilterChainProxy$VirtualFilterChain.doFilter(FilterChainProxy.java:337)
	at org.springframework.security.web.access.intercept.FilterSecurityInterceptor.invoke(FilterSecurityInterceptor.java:115)
	at org.springframework.security.web.access.intercept.FilterSecurityInterceptor.doFilter(FilterSecurityInterceptor.java:81)
	at org.springframework.security.web.FilterChainProxy$VirtualFilterChain.doFilter(FilterChainProxy.java:346)
	at org.springframework.security.web.access.ExceptionTranslationFilter.doFilter(ExceptionTranslationFilter.java:122)
	at org.springframework.security.web.access.ExceptionTranslationFilter.doFilter(ExceptionTranslationFilter.java:116)
	at org.springframework.security.web.FilterChainProxy$VirtualFilterChain.doFilter(FilterChainProxy.java:346)
	at org.springframework.security.web.session.SessionManagementFilter.doFilter(SessionManagementFilter.java:126)
	at org.springframework.security.web.session.SessionManagementFilter.doFilter(SessionManagementFilter.java:81)
	at org.springframework.security.web.FilterChainProxy$VirtualFilterChain.doFilter(FilterChainProxy.java:346)
	at org.springframework.security.web.authentication.AnonymousAuthenticationFilter.doFilter(AnonymousAuthenticationFilter.java:109)
	at org.springframework.security.web.FilterChainProxy$VirtualFilterChain.doFilter(FilterChainProxy.java:346)
	at org.springframework.security.web.servletapi.SecurityContextHolderAwareRequestFilter.doFilter(SecurityContextHolderAwareRequestFilter.java:149)
	at org.springframework.security.web.FilterChainProxy$VirtualFilterChain.doFilter(FilterChainProxy.java:346)
	at org.springframework.security.web.savedrequest.RequestCacheAwareFilter.doFilter(RequestCacheAwareFilter.java:63)
	at org.springframework.security.web.FilterChainProxy$VirtualFilterChain.doFilter(FilterChainProxy.java:346)
	at org.springframework.security.web.authentication.AbstractAuthenticationProcessingFilter.doFilter(AbstractAuthenticationProcessingFilter.java:223)
	at org.springframework.security.web.authentication.AbstractAuthenticationProcessingFilter.doFilter(AbstractAuthenticationProcessingFilter.java:217)
	at org.springframework.security.web.FilterChainProxy$VirtualFilterChain.doFilter(FilterChainProxy.java:346)
	at org.springframework.security.web.authentication.AbstractAuthenticationProcessingFilter.doFilter(AbstractAuthenticationProcessingFilter.java:223)
	at org.springframework.security.web.authentication.AbstractAuthenticationProcessingFilter.doFilter(AbstractAuthenticationProcessingFilter.java:217)
	at org.springframework.security.web.FilterChainProxy$VirtualFilterChain.doFilter(FilterChainProxy.java:346)
	at org.springframework.security.oauth2.client.web.OAuth2AuthorizationRequestRedirectFilter.doFilterInternal(OAuth2AuthorizationRequestRedirectFilter.java:178)
	at org.springframework.web.filter.OncePerRequestFilter.doFilter(OncePerRequestFilter.java:117)
	at org.springframework.security.web.FilterChainProxy$VirtualFilterChain.doFilter(FilterChainProxy.java:346)
	at org.springframework.security.web.authentication.logout.LogoutFilter.doFilter(LogoutFilter.java:103)
	at org.springframework.security.web.authentication.logout.LogoutFilter.doFilter(LogoutFilter.java:89)
	at org.springframework.security.web.FilterChainProxy$VirtualFilterChain.doFilter(FilterChainProxy.java:346)
	at org.springframework.security.web.csrf.CsrfFilter.doFilterInternal(CsrfFilter.java:117)
	at org.springframework.web.filter.OncePerRequestFilter.doFilter(OncePerRequestFilter.java:117)
	at org.springframework.security.web.FilterChainProxy$VirtualFilterChain.doFilter(FilterChainProxy.java:346)
	at org.springframework.security.web.header.HeaderWriterFilter.doHeadersAfter(HeaderWriterFilter.java:90)
	at org.springframework.security.web.header.HeaderWriterFilter.doFilterInternal(HeaderWriterFilter.java:75)
	at org.springframework.web.filter.OncePerRequestFilter.doFilter(OncePerRequestFilter.java:117)
	at org.springframework.security.web.FilterChainProxy$VirtualFilterChain.doFilter(FilterChainProxy.java:346)
	at org.springframework.security.web.context.SecurityContextPersistenceFilter.doFilter(SecurityContextPersistenceFilter.java:112)
	at org.springframework.security.web.context.SecurityContextPersistenceFilter.doFilter(SecurityContextPersistenceFilter.java:82)
	at org.springframework.security.web.FilterChainProxy$VirtualFilterChain.doFilter(FilterChainProxy.java:346)
	at org.springframework.security.web.context.request.async.WebAsyncManagerIntegrationFilter.doFilterInternal(WebAsyncManagerIntegrationFilter.java:55)
	at org.springframework.web.filter.OncePerRequestFilter.doFilter(OncePerRequestFilter.java:117)
	at org.springframework.security.web.FilterChainProxy$VirtualFilterChain.doFilter(FilterChainProxy.java:346)
	at org.springframework.security.web.session.DisableEncodeUrlFilter.doFilterInternal(DisableEncodeUrlFilter.java:42)
	at org.springframework.web.filter.OncePerRequestFilter.doFilter(OncePerRequestFilter.java:117)
	at org.springframework.security.web.FilterChainProxy$VirtualFilterChain.doFilter(FilterChainProxy.java:346)
	at org.springframework.security.web.FilterChainProxy.doFilterInternal(FilterChainProxy.java:221)
	at org.springframework.security.web.FilterChainProxy.doFilter(FilterChainProxy.java:186)
	at org.springframework.web.filter.DelegatingFilterProxy.invokeDelegate(DelegatingFilterProxy.java:354)
	at org.springframework.web.filter.DelegatingFilterProxy.doFilter(DelegatingFilterProxy.java:267)
	at org.apache.catalina.core.ApplicationFilterChain.internalDoFilter(ApplicationFilterChain.java:178)
	at org.apache.catalina.core.ApplicationFilterChain.doFilter(ApplicationFilterChain.java:153)
	at org.springframework.web.filter.RequestContextFilter.doFilterInternal(RequestContextFilter.java:100)
	at org.springframework.web.filter.OncePerRequestFilter.doFilter(OncePerRequestFilter.java:117)
	at org.apache.catalina.core.ApplicationFilterChain.internalDoFilter(ApplicationFilterChain.java:178)
	at org.apache.catalina.core.ApplicationFilterChain.doFilter(ApplicationFilterChain.java:153)
	at org.springframework.web.filter.FormContentFilter.doFilterInternal(FormContentFilter.java:93)
	at org.springframework.web.filter.OncePerRequestFilter.doFilter(OncePerRequestFilter.java:117)
	at org.apache.catalina.core.ApplicationFilterChain.internalDoFilter(ApplicationFilterChain.java:178)
	at org.apache.catalina.core.ApplicationFilterChain.doFilter(ApplicationFilterChain.java:153)
	at org.springframework.web.filter.CharacterEncodingFilter.doFilterInternal(CharacterEncodingFilter.java:201)
	at org.springframework.web.filter.OncePerRequestFilter.doFilter(OncePerRequestFilter.java:117)
	at org.apache.catalina.core.ApplicationFilterChain.internalDoFilter(ApplicationFilterChain.java:178)
	at org.apache.catalina.core.ApplicationFilterChain.doFilter(ApplicationFilterChain.java:153)
	at org.apache.catalina.core.StandardWrapperValve.invoke(StandardWrapperValve.java:167)
	at org.apache.catalina.core.StandardContextValve.invoke(StandardContextValve.java:90)
	at org.apache.catalina.authenticator.AuthenticatorBase.invoke(AuthenticatorBase.java:481)
	at org.apache.catalina.core.StandardHostValve.invoke(StandardHostValve.java:130)
	at org.apache.catalina.valves.ErrorReportValve.invoke(ErrorReportValve.java:93)
	at org.apache.catalina.core.StandardEngineValve.invoke(StandardEngineValve.java:74)
	at org.apache.catalina.connector.CoyoteAdapter.service(CoyoteAdapter.java:343)
	at org.apache.coyote.http11.Http11Processor.service(Http11Processor.java:389)
	at org.apache.coyote.AbstractProcessorLight.process(AbstractProcessorLight.java:63)
	at org.apache.coyote.AbstractProtocol$ConnectionHandler.process(AbstractProtocol.java:926)
	at org.apache.tomcat.util.net.NioEndpoint$SocketProcessor.doRun(NioEndpoint.java:1791)
	at org.apache.tomcat.util.net.SocketProcessorBase.run(SocketProcessorBase.java:52)
	at org.apache.tomcat.util.threads.ThreadPoolExecutor.runWorker(ThreadPoolExecutor.java:1191)
	at org.apache.tomcat.util.threads.ThreadPoolExecutor$Worker.run(ThreadPoolExecutor.java:659)
	at org.apache.tomcat.util.threads.TaskThread$WrappingRunnable.run(TaskThread.java:61)
	at java.base/java.lang.Thread.run(Thread.java:833)
2023-05-21 18:41:24.951 INFO  [SpringApplicationShutdownHook] [o.s.o.j.LocalContainerEntityManagerFactoryBean] - Closing JPA EntityManagerFactory for persistence unit 'default'
2023-05-21 18:41:24.960 INFO  [SpringApplicationShutdownHook] [com.zaxxer.hikari.HikariDataSource] - HikariPool-1 - Shutdown initiated...
2023-05-21 18:41:24.983 INFO  [SpringApplicationShutdownHook] [com.zaxxer.hikari.HikariDataSource] - HikariPool-1 - Shutdown completed.
2023-05-21 18:41:37.234 INFO  [main] [c.e.mini_project.MiniProjectApplication] - Starting MiniProjectApplication using Java 17.0.6 on LAPTOP-MOTF9EGN with PID 28368 (D:\mini_project\mini_project\build\classes\java\main started by USER in D:\mini_project\mini_project)
2023-05-21 18:41:37.239 INFO  [main] [c.e.mini_project.MiniProjectApplication] - The following 1 profile is active: "oauth"
2023-05-21 18:41:38.907 INFO  [main] [o.s.d.r.c.RepositoryConfigurationDelegate] - Bootstrapping Spring Data JPA repositories in DEFAULT mode.
2023-05-21 18:41:38.980 INFO  [main] [o.s.d.r.c.RepositoryConfigurationDelegate] - Finished Spring Data repository scanning in 65 ms. Found 2 JPA repository interfaces.
2023-05-21 18:41:39.797 INFO  [main] [o.s.b.w.embedded.tomcat.TomcatWebServer] - Tomcat initialized with port(s): 8080 (http)
2023-05-21 18:41:39.808 INFO  [main] [o.apache.coyote.http11.Http11NioProtocol] - Initializing ProtocolHandler ["http-nio-8080"]
2023-05-21 18:41:39.809 INFO  [main] [org.apache.catalina.core.StandardService] - Starting service [Tomcat]
2023-05-21 18:41:39.809 INFO  [main] [org.apache.catalina.core.StandardEngine] - Starting Servlet engine: [Apache Tomcat/9.0.74]
2023-05-21 18:41:40.235 INFO  [main] [org.apache.jasper.servlet.TldScanner] - At least one JAR was scanned for TLDs yet contained no TLDs. Enable debug logging for this logger for a complete list of JARs that were scanned but no TLDs were found in them. Skipping unneeded JARs during scanning can improve startup time and JSP compilation time.
2023-05-21 18:41:40.250 INFO  [main] [o.a.c.c.C.[Tomcat].[localhost].[/]] - Initializing Spring embedded WebApplicationContext
2023-05-21 18:41:40.250 INFO  [main] [o.s.b.w.s.c.ServletWebServerApplicationContext] - Root WebApplicationContext: initialization completed in 2579 ms
2023-05-21 18:41:40.545 INFO  [main] [o.hibernate.jpa.internal.util.LogHelper] - HHH000204: Processing PersistenceUnitInfo [name: default]
2023-05-21 18:41:40.610 INFO  [main] [org.hibernate.Version] - HHH000412: Hibernate ORM core version 5.6.15.Final
2023-05-21 18:41:40.804 INFO  [main] [org.hibernate.annotations.common.Version] - HCANN000001: Hibernate Commons Annotations {5.1.2.Final}
2023-05-21 18:41:40.905 INFO  [main] [com.zaxxer.hikari.HikariDataSource] - HikariPool-1 - Starting...
2023-05-21 18:41:41.221 INFO  [main] [com.zaxxer.hikari.HikariDataSource] - HikariPool-1 - Start completed.
2023-05-21 18:41:41.236 INFO  [main] [org.hibernate.dialect.Dialect] - HHH000400: Using dialect: org.hibernate.dialect.Oracle12cDialect
2023-05-21 18:41:43.471 INFO  [main] [o.h.e.t.j.p.i.JtaPlatformInitiator] - HHH000490: Using JtaPlatform implementation: [org.hibernate.engine.transaction.jta.platform.internal.NoJtaPlatform]
2023-05-21 18:41:43.491 INFO  [main] [o.s.o.j.LocalContainerEntityManagerFactoryBean] - Initialized JPA EntityManagerFactory for persistence unit 'default'
2023-05-21 18:41:45.665 INFO  [main] [o.s.s.web.DefaultSecurityFilterChain] - Will secure any request with [org.springframework.security.web.session.DisableEncodeUrlFilter@77afdbc5, org.springframework.security.web.context.request.async.WebAsyncManagerIntegrationFilter@757ad227, org.springframework.security.web.context.SecurityContextPersistenceFilter@6f8035d6, org.springframework.security.web.header.HeaderWriterFilter@627ad446, org.springframework.security.web.csrf.CsrfFilter@190cc39e, org.springframework.security.web.authentication.logout.LogoutFilter@2c56e044, org.springframework.security.oauth2.client.web.OAuth2AuthorizationRequestRedirectFilter@d91e8c7, org.springframework.security.oauth2.client.web.OAuth2LoginAuthenticationFilter@5b9ca528, org.springframework.security.web.authentication.UsernamePasswordAuthenticationFilter@186537ac, org.springframework.security.web.savedrequest.RequestCacheAwareFilter@2a20aa4e, org.springframework.security.web.servletapi.SecurityContextHolderAwareRequestFilter@3f7d73e3, org.springframework.security.web.authentication.AnonymousAuthenticationFilter@4b718c45, org.springframework.security.web.session.SessionManagementFilter@3b0d9da, org.springframework.security.web.access.ExceptionTranslationFilter@64821706, org.springframework.security.web.access.intercept.FilterSecurityInterceptor@24caa80]
2023-05-21 18:41:45.814 WARN  [main] [o.s.b.a.o.j.JpaBaseConfiguration$JpaWebConfiguration] - spring.jpa.open-in-view is enabled by default. Therefore, database queries may be performed during view rendering. Explicitly configure spring.jpa.open-in-view to disable this warning
2023-05-21 18:41:46.745 INFO  [main] [o.apache.coyote.http11.Http11NioProtocol] - Starting ProtocolHandler ["http-nio-8080"]
2023-05-21 18:41:46.787 INFO  [main] [o.s.b.w.embedded.tomcat.TomcatWebServer] - Tomcat started on port(s): 8080 (http) with context path ''
2023-05-21 18:41:46.806 INFO  [main] [c.e.mini_project.MiniProjectApplication] - Started MiniProjectApplication in 10.444 seconds (JVM running for 18.616)
2023-05-21 18:41:46.876 INFO  [http-nio-8080-exec-1] [o.a.c.c.C.[Tomcat].[localhost].[/]] - Initializing Spring DispatcherServlet 'dispatcherServlet'
2023-05-21 18:41:46.876 INFO  [http-nio-8080-exec-1] [o.s.web.servlet.DispatcherServlet] - Initializing Servlet 'dispatcherServlet'
2023-05-21 18:41:46.878 INFO  [http-nio-8080-exec-1] [o.s.web.servlet.DispatcherServlet] - Completed initialization in 2 ms
2023-05-21 18:51:29.268 INFO  [SpringApplicationShutdownHook] [o.s.o.j.LocalContainerEntityManagerFactoryBean] - Closing JPA EntityManagerFactory for persistence unit 'default'
2023-05-21 18:51:29.270 INFO  [SpringApplicationShutdownHook] [com.zaxxer.hikari.HikariDataSource] - HikariPool-1 - Shutdown initiated...
2023-05-21 18:51:29.285 INFO  [SpringApplicationShutdownHook] [com.zaxxer.hikari.HikariDataSource] - HikariPool-1 - Shutdown completed.
2023-05-21 18:51:33.348 INFO  [main] [c.e.mini_project.MiniProjectApplication] - Starting MiniProjectApplication using Java 17.0.6 on LAPTOP-MOTF9EGN with PID 14456 (D:\mini_project\mini_project\build\classes\java\main started by USER in D:\mini_project\mini_project)
2023-05-21 18:51:33.353 INFO  [main] [c.e.mini_project.MiniProjectApplication] - The following 1 profile is active: "oauth"
2023-05-21 18:51:34.609 INFO  [main] [o.s.d.r.c.RepositoryConfigurationDelegate] - Bootstrapping Spring Data JPA repositories in DEFAULT mode.
2023-05-21 18:51:34.701 INFO  [main] [o.s.d.r.c.RepositoryConfigurationDelegate] - Finished Spring Data repository scanning in 80 ms. Found 2 JPA repository interfaces.
2023-05-21 18:51:35.424 INFO  [main] [o.s.b.w.embedded.tomcat.TomcatWebServer] - Tomcat initialized with port(s): 8080 (http)
2023-05-21 18:51:35.433 INFO  [main] [o.apache.coyote.http11.Http11NioProtocol] - Initializing ProtocolHandler ["http-nio-8080"]
2023-05-21 18:51:35.434 INFO  [main] [org.apache.catalina.core.StandardService] - Starting service [Tomcat]
2023-05-21 18:51:35.434 INFO  [main] [org.apache.catalina.core.StandardEngine] - Starting Servlet engine: [Apache Tomcat/9.0.74]
2023-05-21 18:51:35.825 INFO  [main] [org.apache.jasper.servlet.TldScanner] - At least one JAR was scanned for TLDs yet contained no TLDs. Enable debug logging for this logger for a complete list of JARs that were scanned but no TLDs were found in them. Skipping unneeded JARs during scanning can improve startup time and JSP compilation time.
2023-05-21 18:51:35.837 INFO  [main] [o.a.c.c.C.[Tomcat].[localhost].[/]] - Initializing Spring embedded WebApplicationContext
2023-05-21 18:51:35.838 INFO  [main] [o.s.b.w.s.c.ServletWebServerApplicationContext] - Root WebApplicationContext: initialization completed in 2123 ms
2023-05-21 18:51:36.044 INFO  [main] [o.hibernate.jpa.internal.util.LogHelper] - HHH000204: Processing PersistenceUnitInfo [name: default]
2023-05-21 18:51:36.087 INFO  [main] [org.hibernate.Version] - HHH000412: Hibernate ORM core version 5.6.15.Final
2023-05-21 18:51:36.256 INFO  [main] [org.hibernate.annotations.common.Version] - HCANN000001: Hibernate Commons Annotations {5.1.2.Final}
2023-05-21 18:51:36.354 INFO  [main] [com.zaxxer.hikari.HikariDataSource] - HikariPool-1 - Starting...
2023-05-21 18:51:36.738 INFO  [main] [com.zaxxer.hikari.HikariDataSource] - HikariPool-1 - Start completed.
2023-05-21 18:51:36.754 INFO  [main] [org.hibernate.dialect.Dialect] - HHH000400: Using dialect: org.hibernate.dialect.Oracle12cDialect
2023-05-21 18:51:38.224 INFO  [main] [o.h.e.t.j.p.i.JtaPlatformInitiator] - HHH000490: Using JtaPlatform implementation: [org.hibernate.engine.transaction.jta.platform.internal.NoJtaPlatform]
2023-05-21 18:51:38.234 INFO  [main] [o.s.o.j.LocalContainerEntityManagerFactoryBean] - Initialized JPA EntityManagerFactory for persistence unit 'default'
2023-05-21 18:51:39.179 INFO  [main] [o.s.s.web.DefaultSecurityFilterChain] - Will secure any request with [org.springframework.security.web.session.DisableEncodeUrlFilter@1b6e32ee, org.springframework.security.web.context.request.async.WebAsyncManagerIntegrationFilter@798d8247, org.springframework.security.web.context.SecurityContextPersistenceFilter@1f67d37f, org.springframework.security.web.header.HeaderWriterFilter@62fa4a88, org.springframework.security.web.csrf.CsrfFilter@597eb9ac, org.springframework.security.web.authentication.logout.LogoutFilter@1ae2028d, org.springframework.security.oauth2.client.web.OAuth2AuthorizationRequestRedirectFilter@76929266, org.springframework.security.oauth2.client.web.OAuth2LoginAuthenticationFilter@20331c8e, org.springframework.security.web.authentication.UsernamePasswordAuthenticationFilter@51158fb1, org.springframework.security.web.savedrequest.RequestCacheAwareFilter@57fb6900, org.springframework.security.web.servletapi.SecurityContextHolderAwareRequestFilter@1eda853f, org.springframework.security.web.authentication.AnonymousAuthenticationFilter@41623694, org.springframework.security.web.session.SessionManagementFilter@64641998, org.springframework.security.web.access.ExceptionTranslationFilter@15e748b5, org.springframework.security.web.access.intercept.FilterSecurityInterceptor@65528bcf]
2023-05-21 18:51:39.233 WARN  [main] [o.s.b.a.o.j.JpaBaseConfiguration$JpaWebConfiguration] - spring.jpa.open-in-view is enabled by default. Therefore, database queries may be performed during view rendering. Explicitly configure spring.jpa.open-in-view to disable this warning
2023-05-21 18:51:39.841 INFO  [main] [o.apache.coyote.http11.Http11NioProtocol] - Starting ProtocolHandler ["http-nio-8080"]
2023-05-21 18:51:39.873 INFO  [main] [o.s.b.w.embedded.tomcat.TomcatWebServer] - Tomcat started on port(s): 8080 (http) with context path ''
2023-05-21 18:51:39.885 INFO  [main] [c.e.mini_project.MiniProjectApplication] - Started MiniProjectApplication in 7.169 seconds (JVM running for 8.546)
2023-05-21 18:51:45.309 INFO  [http-nio-8080-exec-1] [o.a.c.c.C.[Tomcat].[localhost].[/]] - Initializing Spring DispatcherServlet 'dispatcherServlet'
2023-05-21 18:51:45.310 INFO  [http-nio-8080-exec-1] [o.s.web.servlet.DispatcherServlet] - Initializing Servlet 'dispatcherServlet'
2023-05-21 18:51:45.312 INFO  [http-nio-8080-exec-1] [o.s.web.servlet.DispatcherServlet] - Completed initialization in 2 ms
2023-05-21 18:57:07.199 WARN  [HikariPool-1 housekeeper] [com.zaxxer.hikari.pool.HikariPool] - HikariPool-1 - Thread starvation or clock leap detected (housekeeper delta=5m355ms621µs400ns).
